<?xml version="1.0" encoding="UTF-8"?>
<testsuite xmlns:xsi="http://www.w3.org/2001/XMLSchema-instance" xsi:noNamespaceSchemaLocation="https://maven.apache.org/surefire/maven-surefire-plugin/xsd/surefire-test-report-3.0.xsd" version="3.0" name="com.shaul.saidikaV3.SaidikaV3ApplicationTests" time="22.234" tests="1" errors="0" skipped="0" failures="0">
  <properties>
    <property name="java.specification.version" value="17"/>
    <property name="sun.jnu.encoding" value="UTF-8"/>
    <property name="java.class.path" value="/home/akello/IdeaProjects/saidika_backend/target/test-classes:/home/akello/IdeaProjects/saidika_backend/target/classes:/home/akello/.m2/repository/org/springframework/boot/spring-boot-starter-mail/3.3.7/spring-boot-starter-mail-3.3.7.jar:/home/akello/.m2/repository/org/springframework/boot/spring-boot-starter/3.3.7/spring-boot-starter-3.3.7.jar:/home/akello/.m2/repository/org/springframework/boot/spring-boot/3.3.7/spring-boot-3.3.7.jar:/home/akello/.m2/repository/org/springframework/boot/spring-boot-autoconfigure/3.3.7/spring-boot-autoconfigure-3.3.7.jar:/home/akello/.m2/repository/org/springframework/boot/spring-boot-starter-logging/3.3.7/spring-boot-starter-logging-3.3.7.jar:/home/akello/.m2/repository/ch/qos/logback/logback-classic/1.5.12/logback-classic-1.5.12.jar:/home/akello/.m2/repository/ch/qos/logback/logback-core/1.5.12/logback-core-1.5.12.jar:/home/akello/.m2/repository/org/apache/logging/log4j/log4j-to-slf4j/2.23.1/log4j-to-slf4j-2.23.1.jar:/home/akello/.m2/repository/org/apache/logging/log4j/log4j-api/2.23.1/log4j-api-2.23.1.jar:/home/akello/.m2/repository/org/slf4j/jul-to-slf4j/2.0.16/jul-to-slf4j-2.0.16.jar:/home/akello/.m2/repository/jakarta/annotation/jakarta.annotation-api/2.1.1/jakarta.annotation-api-2.1.1.jar:/home/akello/.m2/repository/org/yaml/snakeyaml/2.2/snakeyaml-2.2.jar:/home/akello/.m2/repository/org/springframework/spring-context-support/6.1.16/spring-context-support-6.1.16.jar:/home/akello/.m2/repository/org/springframework/spring-beans/6.1.16/spring-beans-6.1.16.jar:/home/akello/.m2/repository/org/springframework/spring-context/6.1.16/spring-context-6.1.16.jar:/home/akello/.m2/repository/org/eclipse/angus/jakarta.mail/2.0.3/jakarta.mail-2.0.3.jar:/home/akello/.m2/repository/jakarta/activation/jakarta.activation-api/2.1.3/jakarta.activation-api-2.1.3.jar:/home/akello/.m2/repository/org/eclipse/angus/angus-activation/2.0.2/angus-activation-2.0.2.jar:/home/akello/.m2/repository/com/google/firebase/firebase-admin/9.2.0/firebase-admin-9.2.0.jar:/home/akello/.m2/repository/com/google/api-client/google-api-client/2.2.0/google-api-client-2.2.0.jar:/home/akello/.m2/repository/com/google/oauth-client/google-oauth-client/1.34.1/google-oauth-client-1.34.1.jar:/home/akello/.m2/repository/com/google/http-client/google-http-client-gson/1.42.3/google-http-client-gson-1.42.3.jar:/home/akello/.m2/repository/com/google/http-client/google-http-client-apache-v2/1.42.3/google-http-client-apache-v2-1.42.3.jar:/home/akello/.m2/repository/com/google/api-client/google-api-client-gson/2.2.0/google-api-client-gson-2.2.0.jar:/home/akello/.m2/repository/com/google/http-client/google-http-client/1.43.1/google-http-client-1.43.1.jar:/home/akello/.m2/repository/com/google/code/findbugs/jsr305/3.0.2/jsr305-3.0.2.jar:/home/akello/.m2/repository/com/google/errorprone/error_prone_annotations/2.18.0/error_prone_annotations-2.18.0.jar:/home/akello/.m2/repository/com/google/j2objc/j2objc-annotations/1.3/j2objc-annotations-1.3.jar:/home/akello/.m2/repository/io/opencensus/opencensus-api/0.31.1/opencensus-api-0.31.1.jar:/home/akello/.m2/repository/io/opencensus/opencensus-contrib-http-util/0.31.1/opencensus-contrib-http-util-0.31.1.jar:/home/akello/.m2/repository/com/google/api/api-common/2.12.0/api-common-2.12.0.jar:/home/akello/.m2/repository/com/google/auto/value/auto-value-annotations/1.10.1/auto-value-annotations-1.10.1.jar:/home/akello/.m2/repository/javax/annotation/javax.annotation-api/1.3.2/javax.annotation-api-1.3.2.jar:/home/akello/.m2/repository/com/google/auth/google-auth-library-oauth2-http/1.17.0/google-auth-library-oauth2-http-1.17.0.jar:/home/akello/.m2/repository/com/google/auth/google-auth-library-credentials/1.17.0/google-auth-library-credentials-1.17.0.jar:/home/akello/.m2/repository/com/google/cloud/google-cloud-storage/2.22.4/google-cloud-storage-2.22.4.jar:/home/akello/.m2/repository/com/google/guava/failureaccess/1.0.1/failureaccess-1.0.1.jar:/home/akello/.m2/repository/com/google/guava/listenablefuture/9999.0-empty-to-avoid-conflict-with-guava/listenablefuture-9999.0-empty-to-avoid-conflict-with-guava.jar:/home/akello/.m2/repository/com/google/http-client/google-http-client-jackson2/1.43.1/google-http-client-jackson2-1.43.1.jar:/home/akello/.m2/repository/com/google/apis/google-api-services-storage/v1-rev20230301-2.0.0/google-api-services-storage-v1-rev20230301-2.0.0.jar:/home/akello/.m2/repository/com/google/code/gson/gson/2.10.1/gson-2.10.1.jar:/home/akello/.m2/repository/com/google/cloud/google-cloud-core/2.19.0/google-cloud-core-2.19.0.jar:/home/akello/.m2/repository/com/google/cloud/google-cloud-core-http/2.19.0/google-cloud-core-http-2.19.0.jar:/home/akello/.m2/repository/com/google/http-client/google-http-client-appengine/1.43.1/google-http-client-appengine-1.43.1.jar:/home/akello/.m2/repository/com/google/api/gax-httpjson/0.114.0/gax-httpjson-0.114.0.jar:/home/akello/.m2/repository/com/google/cloud/google-cloud-core-grpc/2.19.0/google-cloud-core-grpc-2.19.0.jar:/home/akello/.m2/repository/com/google/api/gax/2.29.0/gax-2.29.0.jar:/home/akello/.m2/repository/com/google/api/gax-grpc/2.29.0/gax-grpc-2.29.0.jar:/home/akello/.m2/repository/io/grpc/grpc-alts/1.55.1/grpc-alts-1.55.1.jar:/home/akello/.m2/repository/io/grpc/grpc-grpclb/1.55.1/grpc-grpclb-1.55.1.jar:/home/akello/.m2/repository/org/conscrypt/conscrypt-openjdk-uber/2.5.2/conscrypt-openjdk-uber-2.5.2.jar:/home/akello/.m2/repository/io/grpc/grpc-auth/1.55.1/grpc-auth-1.55.1.jar:/home/akello/.m2/repository/io/grpc/grpc-protobuf/1.55.1/grpc-protobuf-1.55.1.jar:/home/akello/.m2/repository/io/grpc/grpc-protobuf-lite/1.55.1/grpc-protobuf-lite-1.55.1.jar:/home/akello/.m2/repository/io/grpc/grpc-context/1.55.1/grpc-context-1.55.1.jar:/home/akello/.m2/repository/com/google/api/grpc/proto-google-iam-v1/1.15.0/proto-google-iam-v1-1.15.0.jar:/home/akello/.m2/repository/com/google/protobuf/protobuf-java/3.23.2/protobuf-java-3.23.2.jar:/home/akello/.m2/repository/com/google/protobuf/protobuf-java-util/3.23.2/protobuf-java-util-3.23.2.jar:/home/akello/.m2/repository/com/google/api/grpc/proto-google-common-protos/2.20.0/proto-google-common-protos-2.20.0.jar:/home/akello/.m2/repository/org/threeten/threetenbp/1.6.8/threetenbp-1.6.8.jar:/home/akello/.m2/repository/com/google/api/grpc/proto-google-cloud-storage-v2/2.22.4-alpha/proto-google-cloud-storage-v2-2.22.4-alpha.jar:/home/akello/.m2/repository/com/google/api/grpc/grpc-google-cloud-storage-v2/2.22.4-alpha/grpc-google-cloud-storage-v2-2.22.4-alpha.jar:/home/akello/.m2/repository/com/google/api/grpc/gapic-google-cloud-storage-v2/2.22.4-alpha/gapic-google-cloud-storage-v2-2.22.4-alpha.jar:/home/akello/.m2/repository/com/fasterxml/jackson/core/jackson-core/2.17.3/jackson-core-2.17.3.jar:/home/akello/.m2/repository/io/grpc/grpc-api/1.55.1/grpc-api-1.55.1.jar:/home/akello/.m2/repository/io/grpc/grpc-netty-shaded/1.55.1/grpc-netty-shaded-1.55.1.jar:/home/akello/.m2/repository/io/perfmark/perfmark-api/0.26.0/perfmark-api-0.26.0.jar:/home/akello/.m2/repository/io/grpc/grpc-core/1.55.1/grpc-core-1.55.1.jar:/home/akello/.m2/repository/com/google/android/annotations/4.1.1.4/annotations-4.1.1.4.jar:/home/akello/.m2/repository/org/codehaus/mojo/animal-sniffer-annotations/1.23/animal-sniffer-annotations-1.23.jar:/home/akello/.m2/repository/io/grpc/grpc-stub/1.55.1/grpc-stub-1.55.1.jar:/home/akello/.m2/repository/io/grpc/grpc-googleapis/1.55.1/grpc-googleapis-1.55.1.jar:/home/akello/.m2/repository/org/checkerframework/checker-qual/3.32.0/checker-qual-3.32.0.jar:/home/akello/.m2/repository/io/grpc/grpc-xds/1.55.1/grpc-xds-1.55.1.jar:/home/akello/.m2/repository/io/opencensus/opencensus-proto/0.2.0/opencensus-proto-0.2.0.jar:/home/akello/.m2/repository/io/grpc/grpc-services/1.55.1/grpc-services-1.55.1.jar:/home/akello/.m2/repository/com/google/re2j/re2j/1.6/re2j-1.6.jar:/home/akello/.m2/repository/io/grpc/grpc-rls/1.55.1/grpc-rls-1.55.1.jar:/home/akello/.m2/repository/com/google/cloud/google-cloud-firestore/3.13.0/google-cloud-firestore-3.13.0.jar:/home/akello/.m2/repository/com/google/api/grpc/proto-google-cloud-firestore-v1/3.13.0/proto-google-cloud-firestore-v1-3.13.0.jar:/home/akello/.m2/repository/com/google/cloud/proto-google-cloud-firestore-bundle-v1/3.13.0/proto-google-cloud-firestore-bundle-v1-3.13.0.jar:/home/akello/.m2/repository/io/opencensus/opencensus-contrib-grpc-util/0.31.1/opencensus-contrib-grpc-util-0.31.1.jar:/home/akello/.m2/repository/com/google/guava/guava/31.1-jre/guava-31.1-jre.jar:/home/akello/.m2/repository/org/slf4j/slf4j-api/2.0.16/slf4j-api-2.0.16.jar:/home/akello/.m2/repository/io/netty/netty-codec-http/4.1.116.Final/netty-codec-http-4.1.116.Final.jar:/home/akello/.m2/repository/io/netty/netty-common/4.1.116.Final/netty-common-4.1.116.Final.jar:/home/akello/.m2/repository/io/netty/netty-buffer/4.1.116.Final/netty-buffer-4.1.116.Final.jar:/home/akello/.m2/repository/io/netty/netty-codec/4.1.116.Final/netty-codec-4.1.116.Final.jar:/home/akello/.m2/repository/io/netty/netty-handler/4.1.116.Final/netty-handler-4.1.116.Final.jar:/home/akello/.m2/repository/io/netty/netty-resolver/4.1.116.Final/netty-resolver-4.1.116.Final.jar:/home/akello/.m2/repository/io/netty/netty-transport-native-unix-common/4.1.116.Final/netty-transport-native-unix-common-4.1.116.Final.jar:/home/akello/.m2/repository/io/netty/netty-transport/4.1.116.Final/netty-transport-4.1.116.Final.jar:/home/akello/.m2/repository/org/springframework/boot/spring-boot-starter-data-jpa/3.3.7/spring-boot-starter-data-jpa-3.3.7.jar:/home/akello/.m2/repository/org/springframework/boot/spring-boot-starter-aop/3.3.7/spring-boot-starter-aop-3.3.7.jar:/home/akello/.m2/repository/org/aspectj/aspectjweaver/1.9.22.1/aspectjweaver-1.9.22.1.jar:/home/akello/.m2/repository/org/springframework/boot/spring-boot-starter-jdbc/3.3.7/spring-boot-starter-jdbc-3.3.7.jar:/home/akello/.m2/repository/com/zaxxer/HikariCP/5.1.0/HikariCP-5.1.0.jar:/home/akello/.m2/repository/org/springframework/spring-jdbc/6.1.16/spring-jdbc-6.1.16.jar:/home/akello/.m2/repository/org/hibernate/orm/hibernate-core/6.5.3.Final/hibernate-core-6.5.3.Final.jar:/home/akello/.m2/repository/jakarta/persistence/jakarta.persistence-api/3.1.0/jakarta.persistence-api-3.1.0.jar:/home/akello/.m2/repository/jakarta/transaction/jakarta.transaction-api/2.0.1/jakarta.transaction-api-2.0.1.jar:/home/akello/.m2/repository/org/jboss/logging/jboss-logging/3.5.3.Final/jboss-logging-3.5.3.Final.jar:/home/akello/.m2/repository/org/hibernate/common/hibernate-commons-annotations/6.0.6.Final/hibernate-commons-annotations-6.0.6.Final.jar:/home/akello/.m2/repository/io/smallrye/jandex/3.1.2/jandex-3.1.2.jar:/home/akello/.m2/repository/com/fasterxml/classmate/1.7.0/classmate-1.7.0.jar:/home/akello/.m2/repository/net/bytebuddy/byte-buddy/1.14.19/byte-buddy-1.14.19.jar:/home/akello/.m2/repository/org/glassfish/jaxb/jaxb-runtime/4.0.5/jaxb-runtime-4.0.5.jar:/home/akello/.m2/repository/org/glassfish/jaxb/jaxb-core/4.0.5/jaxb-core-4.0.5.jar:/home/akello/.m2/repository/org/glassfish/jaxb/txw2/4.0.5/txw2-4.0.5.jar:/home/akello/.m2/repository/com/sun/istack/istack-commons-runtime/4.1.2/istack-commons-runtime-4.1.2.jar:/home/akello/.m2/repository/jakarta/inject/jakarta.inject-api/2.0.1/jakarta.inject-api-2.0.1.jar:/home/akello/.m2/repository/org/antlr/antlr4-runtime/4.13.0/antlr4-runtime-4.13.0.jar:/home/akello/.m2/repository/org/springframework/data/spring-data-jpa/3.3.7/spring-data-jpa-3.3.7.jar:/home/akello/.m2/repository/org/springframework/data/spring-data-commons/3.3.7/spring-data-commons-3.3.7.jar:/home/akello/.m2/repository/org/springframework/spring-orm/6.1.16/spring-orm-6.1.16.jar:/home/akello/.m2/repository/org/springframework/spring-tx/6.1.16/spring-tx-6.1.16.jar:/home/akello/.m2/repository/org/springframework/spring-aspects/6.1.16/spring-aspects-6.1.16.jar:/home/akello/.m2/repository/org/springframework/boot/spring-boot-starter-web/3.3.7/spring-boot-starter-web-3.3.7.jar:/home/akello/.m2/repository/org/springframework/boot/spring-boot-starter-json/3.3.7/spring-boot-starter-json-3.3.7.jar:/home/akello/.m2/repository/com/fasterxml/jackson/datatype/jackson-datatype-jdk8/2.17.3/jackson-datatype-jdk8-2.17.3.jar:/home/akello/.m2/repository/com/fasterxml/jackson/datatype/jackson-datatype-jsr310/2.17.3/jackson-datatype-jsr310-2.17.3.jar:/home/akello/.m2/repository/com/fasterxml/jackson/module/jackson-module-parameter-names/2.17.3/jackson-module-parameter-names-2.17.3.jar:/home/akello/.m2/repository/org/springframework/boot/spring-boot-starter-tomcat/3.3.7/spring-boot-starter-tomcat-3.3.7.jar:/home/akello/.m2/repository/org/apache/tomcat/embed/tomcat-embed-core/10.1.34/tomcat-embed-core-10.1.34.jar:/home/akello/.m2/repository/org/apache/tomcat/embed/tomcat-embed-websocket/10.1.34/tomcat-embed-websocket-10.1.34.jar:/home/akello/.m2/repository/org/springframework/spring-web/6.1.16/spring-web-6.1.16.jar:/home/akello/.m2/repository/io/micrometer/micrometer-observation/1.13.9/micrometer-observation-1.13.9.jar:/home/akello/.m2/repository/io/micrometer/micrometer-commons/1.13.9/micrometer-commons-1.13.9.jar:/home/akello/.m2/repository/org/springframework/spring-webmvc/6.1.16/spring-webmvc-6.1.16.jar:/home/akello/.m2/repository/org/springframework/spring-expression/6.1.16/spring-expression-6.1.16.jar:/home/akello/.m2/repository/org/apache/httpcomponents/httpclient/4.0/httpclient-4.0.jar:/home/akello/.m2/repository/org/apache/httpcomponents/httpcore/4.4.16/httpcore-4.4.16.jar:/home/akello/.m2/repository/commons-logging/commons-logging/1.1.1/commons-logging-1.1.1.jar:/home/akello/.m2/repository/commons-codec/commons-codec/1.16.1/commons-codec-1.16.1.jar:/home/akello/.m2/repository/org/springframework/boot/spring-boot-starter-validation/3.3.7/spring-boot-starter-validation-3.3.7.jar:/home/akello/.m2/repository/org/apache/tomcat/embed/tomcat-embed-el/10.1.34/tomcat-embed-el-10.1.34.jar:/home/akello/.m2/repository/org/hibernate/validator/hibernate-validator/8.0.2.Final/hibernate-validator-8.0.2.Final.jar:/home/akello/.m2/repository/jakarta/validation/jakarta.validation-api/3.0.2/jakarta.validation-api-3.0.2.jar:/home/akello/.m2/repository/com/mysql/mysql-connector-j/8.3.0/mysql-connector-j-8.3.0.jar:/home/akello/.m2/repository/org/projectlombok/lombok/1.18.36/lombok-1.18.36.jar:/home/akello/.m2/repository/org/springframework/boot/spring-boot-starter-test/3.3.7/spring-boot-starter-test-3.3.7.jar:/home/akello/.m2/repository/org/springframework/boot/spring-boot-test/3.3.7/spring-boot-test-3.3.7.jar:/home/akello/.m2/repository/org/springframework/boot/spring-boot-test-autoconfigure/3.3.7/spring-boot-test-autoconfigure-3.3.7.jar:/home/akello/.m2/repository/com/jayway/jsonpath/json-path/2.9.0/json-path-2.9.0.jar:/home/akello/.m2/repository/jakarta/xml/bind/jakarta.xml.bind-api/4.0.2/jakarta.xml.bind-api-4.0.2.jar:/home/akello/.m2/repository/net/minidev/json-smart/2.5.1/json-smart-2.5.1.jar:/home/akello/.m2/repository/net/minidev/accessors-smart/2.5.1/accessors-smart-2.5.1.jar:/home/akello/.m2/repository/org/ow2/asm/asm/9.6/asm-9.6.jar:/home/akello/.m2/repository/org/assertj/assertj-core/3.25.3/assertj-core-3.25.3.jar:/home/akello/.m2/repository/org/awaitility/awaitility/4.2.2/awaitility-4.2.2.jar:/home/akello/.m2/repository/org/hamcrest/hamcrest/2.2/hamcrest-2.2.jar:/home/akello/.m2/repository/org/junit/jupiter/junit-jupiter/5.10.5/junit-jupiter-5.10.5.jar:/home/akello/.m2/repository/org/junit/jupiter/junit-jupiter-api/5.10.5/junit-jupiter-api-5.10.5.jar:/home/akello/.m2/repository/org/opentest4j/opentest4j/1.3.0/opentest4j-1.3.0.jar:/home/akello/.m2/repository/org/junit/platform/junit-platform-commons/1.10.5/junit-platform-commons-1.10.5.jar:/home/akello/.m2/repository/org/apiguardian/apiguardian-api/1.1.2/apiguardian-api-1.1.2.jar:/home/akello/.m2/repository/org/junit/jupiter/junit-jupiter-params/5.10.5/junit-jupiter-params-5.10.5.jar:/home/akello/.m2/repository/org/junit/jupiter/junit-jupiter-engine/5.10.5/junit-jupiter-engine-5.10.5.jar:/home/akello/.m2/repository/org/junit/platform/junit-platform-engine/1.10.5/junit-platform-engine-1.10.5.jar:/home/akello/.m2/repository/org/mockito/mockito-core/5.11.0/mockito-core-5.11.0.jar:/home/akello/.m2/repository/net/bytebuddy/byte-buddy-agent/1.14.19/byte-buddy-agent-1.14.19.jar:/home/akello/.m2/repository/org/objenesis/objenesis/3.3/objenesis-3.3.jar:/home/akello/.m2/repository/org/mockito/mockito-junit-jupiter/5.11.0/mockito-junit-jupiter-5.11.0.jar:/home/akello/.m2/repository/org/skyscreamer/jsonassert/1.5.3/jsonassert-1.5.3.jar:/home/akello/.m2/repository/com/vaadin/external/google/android-json/0.0.20131108.vaadin1/android-json-0.0.20131108.vaadin1.jar:/home/akello/.m2/repository/org/springframework/spring-core/6.1.16/spring-core-6.1.16.jar:/home/akello/.m2/repository/org/springframework/spring-jcl/6.1.16/spring-jcl-6.1.16.jar:/home/akello/.m2/repository/org/springframework/spring-test/6.1.16/spring-test-6.1.16.jar:/home/akello/.m2/repository/org/xmlunit/xmlunit-core/2.9.1/xmlunit-core-2.9.1.jar:/home/akello/.m2/repository/io/jsonwebtoken/jjwt-api/0.12.3/jjwt-api-0.12.3.jar:/home/akello/.m2/repository/io/jsonwebtoken/jjwt-impl/0.12.3/jjwt-impl-0.12.3.jar:/home/akello/.m2/repository/io/jsonwebtoken/jjwt-jackson/0.12.3/jjwt-jackson-0.12.3.jar:/home/akello/.m2/repository/com/fasterxml/jackson/core/jackson-databind/2.17.3/jackson-databind-2.17.3.jar:/home/akello/.m2/repository/com/fasterxml/jackson/core/jackson-annotations/2.17.3/jackson-annotations-2.17.3.jar:/home/akello/.m2/repository/org/springframework/boot/spring-boot-starter-security/3.3.7/spring-boot-starter-security-3.3.7.jar:/home/akello/.m2/repository/org/springframework/spring-aop/6.1.16/spring-aop-6.1.16.jar:/home/akello/.m2/repository/org/springframework/security/spring-security-config/6.3.6/spring-security-config-6.3.6.jar:/home/akello/.m2/repository/org/springframework/security/spring-security-core/6.3.6/spring-security-core-6.3.6.jar:/home/akello/.m2/repository/org/springframework/security/spring-security-crypto/6.3.6/spring-security-crypto-6.3.6.jar:/home/akello/.m2/repository/org/springframework/security/spring-security-web/6.3.6/spring-security-web-6.3.6.jar:/home/akello/.m2/repository/com/warrenstrange/googleauth/1.4.0/googleauth-1.4.0.jar:/home/akello/.m2/repository/com/google/zxing/core/3.3.0/core-3.3.0.jar:/home/akello/.m2/repository/com/google/zxing/javase/3.3.0/javase-3.3.0.jar:/home/akello/.m2/repository/com/beust/jcommander/1.48/jcommander-1.48.jar:/home/akello/.m2/repository/com/github/jai-imageio/jai-imageio-core/1.3.1/jai-imageio-core-1.3.1.jar:"/>
    <property name="java.vm.vendor" value="Ubuntu"/>
    <property name="sun.arch.data.model" value="64"/>
    <property name="java.vendor.url" value="https://ubuntu.com/"/>
    <property name="user.timezone" value="Africa/Nairobi"/>
    <property name="org.jboss.logging.provider" value="slf4j"/>
    <property name="os.name" value="Linux"/>
    <property name="java.vm.specification.version" value="17"/>
    <property name="sun.java.launcher" value="SUN_STANDARD"/>
    <property name="user.country" value="US"/>
    <property name="sun.boot.library.path" value="/usr/lib/jvm/java-17-openjdk-amd64/lib"/>
    <property name="sun.java.command" value="/home/akello/IdeaProjects/saidika_backend/target/surefire/surefirebooter-20250331225554641_3.jar /home/akello/IdeaProjects/saidika_backend/target/surefire 2025-03-31T22-55-50_220-jvmRun1 surefire-20250331225554641_1tmp surefire_0-20250331225554641_2tmp"/>
    <property name="jdk.debug" value="release"/>
    <property name="surefire.test.class.path" value="/home/akello/IdeaProjects/saidika_backend/target/test-classes:/home/akello/IdeaProjects/saidika_backend/target/classes:/home/akello/.m2/repository/org/springframework/boot/spring-boot-starter-mail/3.3.7/spring-boot-starter-mail-3.3.7.jar:/home/akello/.m2/repository/org/springframework/boot/spring-boot-starter/3.3.7/spring-boot-starter-3.3.7.jar:/home/akello/.m2/repository/org/springframework/boot/spring-boot/3.3.7/spring-boot-3.3.7.jar:/home/akello/.m2/repository/org/springframework/boot/spring-boot-autoconfigure/3.3.7/spring-boot-autoconfigure-3.3.7.jar:/home/akello/.m2/repository/org/springframework/boot/spring-boot-starter-logging/3.3.7/spring-boot-starter-logging-3.3.7.jar:/home/akello/.m2/repository/ch/qos/logback/logback-classic/1.5.12/logback-classic-1.5.12.jar:/home/akello/.m2/repository/ch/qos/logback/logback-core/1.5.12/logback-core-1.5.12.jar:/home/akello/.m2/repository/org/apache/logging/log4j/log4j-to-slf4j/2.23.1/log4j-to-slf4j-2.23.1.jar:/home/akello/.m2/repository/org/apache/logging/log4j/log4j-api/2.23.1/log4j-api-2.23.1.jar:/home/akello/.m2/repository/org/slf4j/jul-to-slf4j/2.0.16/jul-to-slf4j-2.0.16.jar:/home/akello/.m2/repository/jakarta/annotation/jakarta.annotation-api/2.1.1/jakarta.annotation-api-2.1.1.jar:/home/akello/.m2/repository/org/yaml/snakeyaml/2.2/snakeyaml-2.2.jar:/home/akello/.m2/repository/org/springframework/spring-context-support/6.1.16/spring-context-support-6.1.16.jar:/home/akello/.m2/repository/org/springframework/spring-beans/6.1.16/spring-beans-6.1.16.jar:/home/akello/.m2/repository/org/springframework/spring-context/6.1.16/spring-context-6.1.16.jar:/home/akello/.m2/repository/org/eclipse/angus/jakarta.mail/2.0.3/jakarta.mail-2.0.3.jar:/home/akello/.m2/repository/jakarta/activation/jakarta.activation-api/2.1.3/jakarta.activation-api-2.1.3.jar:/home/akello/.m2/repository/org/eclipse/angus/angus-activation/2.0.2/angus-activation-2.0.2.jar:/home/akello/.m2/repository/com/google/firebase/firebase-admin/9.2.0/firebase-admin-9.2.0.jar:/home/akello/.m2/repository/com/google/api-client/google-api-client/2.2.0/google-api-client-2.2.0.jar:/home/akello/.m2/repository/com/google/oauth-client/google-oauth-client/1.34.1/google-oauth-client-1.34.1.jar:/home/akello/.m2/repository/com/google/http-client/google-http-client-gson/1.42.3/google-http-client-gson-1.42.3.jar:/home/akello/.m2/repository/com/google/http-client/google-http-client-apache-v2/1.42.3/google-http-client-apache-v2-1.42.3.jar:/home/akello/.m2/repository/com/google/api-client/google-api-client-gson/2.2.0/google-api-client-gson-2.2.0.jar:/home/akello/.m2/repository/com/google/http-client/google-http-client/1.43.1/google-http-client-1.43.1.jar:/home/akello/.m2/repository/com/google/code/findbugs/jsr305/3.0.2/jsr305-3.0.2.jar:/home/akello/.m2/repository/com/google/errorprone/error_prone_annotations/2.18.0/error_prone_annotations-2.18.0.jar:/home/akello/.m2/repository/com/google/j2objc/j2objc-annotations/1.3/j2objc-annotations-1.3.jar:/home/akello/.m2/repository/io/opencensus/opencensus-api/0.31.1/opencensus-api-0.31.1.jar:/home/akello/.m2/repository/io/opencensus/opencensus-contrib-http-util/0.31.1/opencensus-contrib-http-util-0.31.1.jar:/home/akello/.m2/repository/com/google/api/api-common/2.12.0/api-common-2.12.0.jar:/home/akello/.m2/repository/com/google/auto/value/auto-value-annotations/1.10.1/auto-value-annotations-1.10.1.jar:/home/akello/.m2/repository/javax/annotation/javax.annotation-api/1.3.2/javax.annotation-api-1.3.2.jar:/home/akello/.m2/repository/com/google/auth/google-auth-library-oauth2-http/1.17.0/google-auth-library-oauth2-http-1.17.0.jar:/home/akello/.m2/repository/com/google/auth/google-auth-library-credentials/1.17.0/google-auth-library-credentials-1.17.0.jar:/home/akello/.m2/repository/com/google/cloud/google-cloud-storage/2.22.4/google-cloud-storage-2.22.4.jar:/home/akello/.m2/repository/com/google/guava/failureaccess/1.0.1/failureaccess-1.0.1.jar:/home/akello/.m2/repository/com/google/guava/listenablefuture/9999.0-empty-to-avoid-conflict-with-guava/listenablefuture-9999.0-empty-to-avoid-conflict-with-guava.jar:/home/akello/.m2/repository/com/google/http-client/google-http-client-jackson2/1.43.1/google-http-client-jackson2-1.43.1.jar:/home/akello/.m2/repository/com/google/apis/google-api-services-storage/v1-rev20230301-2.0.0/google-api-services-storage-v1-rev20230301-2.0.0.jar:/home/akello/.m2/repository/com/google/code/gson/gson/2.10.1/gson-2.10.1.jar:/home/akello/.m2/repository/com/google/cloud/google-cloud-core/2.19.0/google-cloud-core-2.19.0.jar:/home/akello/.m2/repository/com/google/cloud/google-cloud-core-http/2.19.0/google-cloud-core-http-2.19.0.jar:/home/akello/.m2/repository/com/google/http-client/google-http-client-appengine/1.43.1/google-http-client-appengine-1.43.1.jar:/home/akello/.m2/repository/com/google/api/gax-httpjson/0.114.0/gax-httpjson-0.114.0.jar:/home/akello/.m2/repository/com/google/cloud/google-cloud-core-grpc/2.19.0/google-cloud-core-grpc-2.19.0.jar:/home/akello/.m2/repository/com/google/api/gax/2.29.0/gax-2.29.0.jar:/home/akello/.m2/repository/com/google/api/gax-grpc/2.29.0/gax-grpc-2.29.0.jar:/home/akello/.m2/repository/io/grpc/grpc-alts/1.55.1/grpc-alts-1.55.1.jar:/home/akello/.m2/repository/io/grpc/grpc-grpclb/1.55.1/grpc-grpclb-1.55.1.jar:/home/akello/.m2/repository/org/conscrypt/conscrypt-openjdk-uber/2.5.2/conscrypt-openjdk-uber-2.5.2.jar:/home/akello/.m2/repository/io/grpc/grpc-auth/1.55.1/grpc-auth-1.55.1.jar:/home/akello/.m2/repository/io/grpc/grpc-protobuf/1.55.1/grpc-protobuf-1.55.1.jar:/home/akello/.m2/repository/io/grpc/grpc-protobuf-lite/1.55.1/grpc-protobuf-lite-1.55.1.jar:/home/akello/.m2/repository/io/grpc/grpc-context/1.55.1/grpc-context-1.55.1.jar:/home/akello/.m2/repository/com/google/api/grpc/proto-google-iam-v1/1.15.0/proto-google-iam-v1-1.15.0.jar:/home/akello/.m2/repository/com/google/protobuf/protobuf-java/3.23.2/protobuf-java-3.23.2.jar:/home/akello/.m2/repository/com/google/protobuf/protobuf-java-util/3.23.2/protobuf-java-util-3.23.2.jar:/home/akello/.m2/repository/com/google/api/grpc/proto-google-common-protos/2.20.0/proto-google-common-protos-2.20.0.jar:/home/akello/.m2/repository/org/threeten/threetenbp/1.6.8/threetenbp-1.6.8.jar:/home/akello/.m2/repository/com/google/api/grpc/proto-google-cloud-storage-v2/2.22.4-alpha/proto-google-cloud-storage-v2-2.22.4-alpha.jar:/home/akello/.m2/repository/com/google/api/grpc/grpc-google-cloud-storage-v2/2.22.4-alpha/grpc-google-cloud-storage-v2-2.22.4-alpha.jar:/home/akello/.m2/repository/com/google/api/grpc/gapic-google-cloud-storage-v2/2.22.4-alpha/gapic-google-cloud-storage-v2-2.22.4-alpha.jar:/home/akello/.m2/repository/com/fasterxml/jackson/core/jackson-core/2.17.3/jackson-core-2.17.3.jar:/home/akello/.m2/repository/io/grpc/grpc-api/1.55.1/grpc-api-1.55.1.jar:/home/akello/.m2/repository/io/grpc/grpc-netty-shaded/1.55.1/grpc-netty-shaded-1.55.1.jar:/home/akello/.m2/repository/io/perfmark/perfmark-api/0.26.0/perfmark-api-0.26.0.jar:/home/akello/.m2/repository/io/grpc/grpc-core/1.55.1/grpc-core-1.55.1.jar:/home/akello/.m2/repository/com/google/android/annotations/4.1.1.4/annotations-4.1.1.4.jar:/home/akello/.m2/repository/org/codehaus/mojo/animal-sniffer-annotations/1.23/animal-sniffer-annotations-1.23.jar:/home/akello/.m2/repository/io/grpc/grpc-stub/1.55.1/grpc-stub-1.55.1.jar:/home/akello/.m2/repository/io/grpc/grpc-googleapis/1.55.1/grpc-googleapis-1.55.1.jar:/home/akello/.m2/repository/org/checkerframework/checker-qual/3.32.0/checker-qual-3.32.0.jar:/home/akello/.m2/repository/io/grpc/grpc-xds/1.55.1/grpc-xds-1.55.1.jar:/home/akello/.m2/repository/io/opencensus/opencensus-proto/0.2.0/opencensus-proto-0.2.0.jar:/home/akello/.m2/repository/io/grpc/grpc-services/1.55.1/grpc-services-1.55.1.jar:/home/akello/.m2/repository/com/google/re2j/re2j/1.6/re2j-1.6.jar:/home/akello/.m2/repository/io/grpc/grpc-rls/1.55.1/grpc-rls-1.55.1.jar:/home/akello/.m2/repository/com/google/cloud/google-cloud-firestore/3.13.0/google-cloud-firestore-3.13.0.jar:/home/akello/.m2/repository/com/google/api/grpc/proto-google-cloud-firestore-v1/3.13.0/proto-google-cloud-firestore-v1-3.13.0.jar:/home/akello/.m2/repository/com/google/cloud/proto-google-cloud-firestore-bundle-v1/3.13.0/proto-google-cloud-firestore-bundle-v1-3.13.0.jar:/home/akello/.m2/repository/io/opencensus/opencensus-contrib-grpc-util/0.31.1/opencensus-contrib-grpc-util-0.31.1.jar:/home/akello/.m2/repository/com/google/guava/guava/31.1-jre/guava-31.1-jre.jar:/home/akello/.m2/repository/org/slf4j/slf4j-api/2.0.16/slf4j-api-2.0.16.jar:/home/akello/.m2/repository/io/netty/netty-codec-http/4.1.116.Final/netty-codec-http-4.1.116.Final.jar:/home/akello/.m2/repository/io/netty/netty-common/4.1.116.Final/netty-common-4.1.116.Final.jar:/home/akello/.m2/repository/io/netty/netty-buffer/4.1.116.Final/netty-buffer-4.1.116.Final.jar:/home/akello/.m2/repository/io/netty/netty-codec/4.1.116.Final/netty-codec-4.1.116.Final.jar:/home/akello/.m2/repository/io/netty/netty-handler/4.1.116.Final/netty-handler-4.1.116.Final.jar:/home/akello/.m2/repository/io/netty/netty-resolver/4.1.116.Final/netty-resolver-4.1.116.Final.jar:/home/akello/.m2/repository/io/netty/netty-transport-native-unix-common/4.1.116.Final/netty-transport-native-unix-common-4.1.116.Final.jar:/home/akello/.m2/repository/io/netty/netty-transport/4.1.116.Final/netty-transport-4.1.116.Final.jar:/home/akello/.m2/repository/org/springframework/boot/spring-boot-starter-data-jpa/3.3.7/spring-boot-starter-data-jpa-3.3.7.jar:/home/akello/.m2/repository/org/springframework/boot/spring-boot-starter-aop/3.3.7/spring-boot-starter-aop-3.3.7.jar:/home/akello/.m2/repository/org/aspectj/aspectjweaver/1.9.22.1/aspectjweaver-1.9.22.1.jar:/home/akello/.m2/repository/org/springframework/boot/spring-boot-starter-jdbc/3.3.7/spring-boot-starter-jdbc-3.3.7.jar:/home/akello/.m2/repository/com/zaxxer/HikariCP/5.1.0/HikariCP-5.1.0.jar:/home/akello/.m2/repository/org/springframework/spring-jdbc/6.1.16/spring-jdbc-6.1.16.jar:/home/akello/.m2/repository/org/hibernate/orm/hibernate-core/6.5.3.Final/hibernate-core-6.5.3.Final.jar:/home/akello/.m2/repository/jakarta/persistence/jakarta.persistence-api/3.1.0/jakarta.persistence-api-3.1.0.jar:/home/akello/.m2/repository/jakarta/transaction/jakarta.transaction-api/2.0.1/jakarta.transaction-api-2.0.1.jar:/home/akello/.m2/repository/org/jboss/logging/jboss-logging/3.5.3.Final/jboss-logging-3.5.3.Final.jar:/home/akello/.m2/repository/org/hibernate/common/hibernate-commons-annotations/6.0.6.Final/hibernate-commons-annotations-6.0.6.Final.jar:/home/akello/.m2/repository/io/smallrye/jandex/3.1.2/jandex-3.1.2.jar:/home/akello/.m2/repository/com/fasterxml/classmate/1.7.0/classmate-1.7.0.jar:/home/akello/.m2/repository/net/bytebuddy/byte-buddy/1.14.19/byte-buddy-1.14.19.jar:/home/akello/.m2/repository/org/glassfish/jaxb/jaxb-runtime/4.0.5/jaxb-runtime-4.0.5.jar:/home/akello/.m2/repository/org/glassfish/jaxb/jaxb-core/4.0.5/jaxb-core-4.0.5.jar:/home/akello/.m2/repository/org/glassfish/jaxb/txw2/4.0.5/txw2-4.0.5.jar:/home/akello/.m2/repository/com/sun/istack/istack-commons-runtime/4.1.2/istack-commons-runtime-4.1.2.jar:/home/akello/.m2/repository/jakarta/inject/jakarta.inject-api/2.0.1/jakarta.inject-api-2.0.1.jar:/home/akello/.m2/repository/org/antlr/antlr4-runtime/4.13.0/antlr4-runtime-4.13.0.jar:/home/akello/.m2/repository/org/springframework/data/spring-data-jpa/3.3.7/spring-data-jpa-3.3.7.jar:/home/akello/.m2/repository/org/springframework/data/spring-data-commons/3.3.7/spring-data-commons-3.3.7.jar:/home/akello/.m2/repository/org/springframework/spring-orm/6.1.16/spring-orm-6.1.16.jar:/home/akello/.m2/repository/org/springframework/spring-tx/6.1.16/spring-tx-6.1.16.jar:/home/akello/.m2/repository/org/springframework/spring-aspects/6.1.16/spring-aspects-6.1.16.jar:/home/akello/.m2/repository/org/springframework/boot/spring-boot-starter-web/3.3.7/spring-boot-starter-web-3.3.7.jar:/home/akello/.m2/repository/org/springframework/boot/spring-boot-starter-json/3.3.7/spring-boot-starter-json-3.3.7.jar:/home/akello/.m2/repository/com/fasterxml/jackson/datatype/jackson-datatype-jdk8/2.17.3/jackson-datatype-jdk8-2.17.3.jar:/home/akello/.m2/repository/com/fasterxml/jackson/datatype/jackson-datatype-jsr310/2.17.3/jackson-datatype-jsr310-2.17.3.jar:/home/akello/.m2/repository/com/fasterxml/jackson/module/jackson-module-parameter-names/2.17.3/jackson-module-parameter-names-2.17.3.jar:/home/akello/.m2/repository/org/springframework/boot/spring-boot-starter-tomcat/3.3.7/spring-boot-starter-tomcat-3.3.7.jar:/home/akello/.m2/repository/org/apache/tomcat/embed/tomcat-embed-core/10.1.34/tomcat-embed-core-10.1.34.jar:/home/akello/.m2/repository/org/apache/tomcat/embed/tomcat-embed-websocket/10.1.34/tomcat-embed-websocket-10.1.34.jar:/home/akello/.m2/repository/org/springframework/spring-web/6.1.16/spring-web-6.1.16.jar:/home/akello/.m2/repository/io/micrometer/micrometer-observation/1.13.9/micrometer-observation-1.13.9.jar:/home/akello/.m2/repository/io/micrometer/micrometer-commons/1.13.9/micrometer-commons-1.13.9.jar:/home/akello/.m2/repository/org/springframework/spring-webmvc/6.1.16/spring-webmvc-6.1.16.jar:/home/akello/.m2/repository/org/springframework/spring-expression/6.1.16/spring-expression-6.1.16.jar:/home/akello/.m2/repository/org/apache/httpcomponents/httpclient/4.0/httpclient-4.0.jar:/home/akello/.m2/repository/org/apache/httpcomponents/httpcore/4.4.16/httpcore-4.4.16.jar:/home/akello/.m2/repository/commons-logging/commons-logging/1.1.1/commons-logging-1.1.1.jar:/home/akello/.m2/repository/commons-codec/commons-codec/1.16.1/commons-codec-1.16.1.jar:/home/akello/.m2/repository/org/springframework/boot/spring-boot-starter-validation/3.3.7/spring-boot-starter-validation-3.3.7.jar:/home/akello/.m2/repository/org/apache/tomcat/embed/tomcat-embed-el/10.1.34/tomcat-embed-el-10.1.34.jar:/home/akello/.m2/repository/org/hibernate/validator/hibernate-validator/8.0.2.Final/hibernate-validator-8.0.2.Final.jar:/home/akello/.m2/repository/jakarta/validation/jakarta.validation-api/3.0.2/jakarta.validation-api-3.0.2.jar:/home/akello/.m2/repository/com/mysql/mysql-connector-j/8.3.0/mysql-connector-j-8.3.0.jar:/home/akello/.m2/repository/org/projectlombok/lombok/1.18.36/lombok-1.18.36.jar:/home/akello/.m2/repository/org/springframework/boot/spring-boot-starter-test/3.3.7/spring-boot-starter-test-3.3.7.jar:/home/akello/.m2/repository/org/springframework/boot/spring-boot-test/3.3.7/spring-boot-test-3.3.7.jar:/home/akello/.m2/repository/org/springframework/boot/spring-boot-test-autoconfigure/3.3.7/spring-boot-test-autoconfigure-3.3.7.jar:/home/akello/.m2/repository/com/jayway/jsonpath/json-path/2.9.0/json-path-2.9.0.jar:/home/akello/.m2/repository/jakarta/xml/bind/jakarta.xml.bind-api/4.0.2/jakarta.xml.bind-api-4.0.2.jar:/home/akello/.m2/repository/net/minidev/json-smart/2.5.1/json-smart-2.5.1.jar:/home/akello/.m2/repository/net/minidev/accessors-smart/2.5.1/accessors-smart-2.5.1.jar:/home/akello/.m2/repository/org/ow2/asm/asm/9.6/asm-9.6.jar:/home/akello/.m2/repository/org/assertj/assertj-core/3.25.3/assertj-core-3.25.3.jar:/home/akello/.m2/repository/org/awaitility/awaitility/4.2.2/awaitility-4.2.2.jar:/home/akello/.m2/repository/org/hamcrest/hamcrest/2.2/hamcrest-2.2.jar:/home/akello/.m2/repository/org/junit/jupiter/junit-jupiter/5.10.5/junit-jupiter-5.10.5.jar:/home/akello/.m2/repository/org/junit/jupiter/junit-jupiter-api/5.10.5/junit-jupiter-api-5.10.5.jar:/home/akello/.m2/repository/org/opentest4j/opentest4j/1.3.0/opentest4j-1.3.0.jar:/home/akello/.m2/repository/org/junit/platform/junit-platform-commons/1.10.5/junit-platform-commons-1.10.5.jar:/home/akello/.m2/repository/org/apiguardian/apiguardian-api/1.1.2/apiguardian-api-1.1.2.jar:/home/akello/.m2/repository/org/junit/jupiter/junit-jupiter-params/5.10.5/junit-jupiter-params-5.10.5.jar:/home/akello/.m2/repository/org/junit/jupiter/junit-jupiter-engine/5.10.5/junit-jupiter-engine-5.10.5.jar:/home/akello/.m2/repository/org/junit/platform/junit-platform-engine/1.10.5/junit-platform-engine-1.10.5.jar:/home/akello/.m2/repository/org/mockito/mockito-core/5.11.0/mockito-core-5.11.0.jar:/home/akello/.m2/repository/net/bytebuddy/byte-buddy-agent/1.14.19/byte-buddy-agent-1.14.19.jar:/home/akello/.m2/repository/org/objenesis/objenesis/3.3/objenesis-3.3.jar:/home/akello/.m2/repository/org/mockito/mockito-junit-jupiter/5.11.0/mockito-junit-jupiter-5.11.0.jar:/home/akello/.m2/repository/org/skyscreamer/jsonassert/1.5.3/jsonassert-1.5.3.jar:/home/akello/.m2/repository/com/vaadin/external/google/android-json/0.0.20131108.vaadin1/android-json-0.0.20131108.vaadin1.jar:/home/akello/.m2/repository/org/springframework/spring-core/6.1.16/spring-core-6.1.16.jar:/home/akello/.m2/repository/org/springframework/spring-jcl/6.1.16/spring-jcl-6.1.16.jar:/home/akello/.m2/repository/org/springframework/spring-test/6.1.16/spring-test-6.1.16.jar:/home/akello/.m2/repository/org/xmlunit/xmlunit-core/2.9.1/xmlunit-core-2.9.1.jar:/home/akello/.m2/repository/io/jsonwebtoken/jjwt-api/0.12.3/jjwt-api-0.12.3.jar:/home/akello/.m2/repository/io/jsonwebtoken/jjwt-impl/0.12.3/jjwt-impl-0.12.3.jar:/home/akello/.m2/repository/io/jsonwebtoken/jjwt-jackson/0.12.3/jjwt-jackson-0.12.3.jar:/home/akello/.m2/repository/com/fasterxml/jackson/core/jackson-databind/2.17.3/jackson-databind-2.17.3.jar:/home/akello/.m2/repository/com/fasterxml/jackson/core/jackson-annotations/2.17.3/jackson-annotations-2.17.3.jar:/home/akello/.m2/repository/org/springframework/boot/spring-boot-starter-security/3.3.7/spring-boot-starter-security-3.3.7.jar:/home/akello/.m2/repository/org/springframework/spring-aop/6.1.16/spring-aop-6.1.16.jar:/home/akello/.m2/repository/org/springframework/security/spring-security-config/6.3.6/spring-security-config-6.3.6.jar:/home/akello/.m2/repository/org/springframework/security/spring-security-core/6.3.6/spring-security-core-6.3.6.jar:/home/akello/.m2/repository/org/springframework/security/spring-security-crypto/6.3.6/spring-security-crypto-6.3.6.jar:/home/akello/.m2/repository/org/springframework/security/spring-security-web/6.3.6/spring-security-web-6.3.6.jar:/home/akello/.m2/repository/com/warrenstrange/googleauth/1.4.0/googleauth-1.4.0.jar:/home/akello/.m2/repository/com/google/zxing/core/3.3.0/core-3.3.0.jar:/home/akello/.m2/repository/com/google/zxing/javase/3.3.0/javase-3.3.0.jar:/home/akello/.m2/repository/com/beust/jcommander/1.48/jcommander-1.48.jar:/home/akello/.m2/repository/com/github/jai-imageio/jai-imageio-core/1.3.1/jai-imageio-core-1.3.1.jar:"/>
    <property name="sun.cpu.endian" value="little"/>
    <property name="user.home" value="/home/akello"/>
    <property name="user.language" value="en"/>
    <property name="java.specification.vendor" value="Oracle Corporation"/>
    <property name="java.version.date" value="2025-01-21"/>
    <property name="java.home" value="/usr/lib/jvm/java-17-openjdk-amd64"/>
    <property name="file.separator" value="/"/>
    <property name="basedir" value="/home/akello/IdeaProjects/saidika_backend"/>
    <property name="java.vm.compressedOopsMode" value="Zero based"/>
    <property name="line.separator" value="&#10;"/>
    <property name="java.specification.name" value="Java Platform API Specification"/>
    <property name="java.vm.specification.vendor" value="Oracle Corporation"/>
    <property name="FILE_LOG_CHARSET" value="UTF-8"/>
    <property name="java.awt.headless" value="true"/>
    <property name="surefire.real.class.path" value="/home/akello/IdeaProjects/saidika_backend/target/surefire/surefirebooter-20250331225554641_3.jar"/>
    <property name="sun.management.compiler" value="HotSpot 64-Bit Tiered Compilers"/>
    <property name="java.runtime.version" value="17.0.14+7-Ubuntu-124.04"/>
    <property name="user.name" value="akello"/>
    <property name="path.separator" value=":"/>
    <property name="os.version" value="6.11.0-21-generic"/>
    <property name="java.runtime.name" value="OpenJDK Runtime Environment"/>
    <property name="file.encoding" value="UTF-8"/>
    <property name="java.vm.name" value="OpenJDK 64-Bit Server VM"/>
    <property name="localRepository" value="/home/akello/.m2/repository"/>
    <property name="java.vendor.url.bug" value="https://bugs.launchpad.net/ubuntu/+source/openjdk-17"/>
    <property name="java.io.tmpdir" value="/tmp"/>
    <property name="com.zaxxer.hikari.pool_number" value="1"/>
    <property name="java.version" value="17.0.14"/>
    <property name="user.dir" value="/home/akello/IdeaProjects/saidika_backend"/>
    <property name="os.arch" value="amd64"/>
    <property name="java.vm.specification.name" value="Java Virtual Machine Specification"/>
    <property name="PID" value="44427"/>
    <property name="CONSOLE_LOG_CHARSET" value="UTF-8"/>
    <property name="native.encoding" value="UTF-8"/>
    <property name="java.library.path" value="/usr/java/packages/lib:/usr/lib/x86_64-linux-gnu/jni:/lib/x86_64-linux-gnu:/usr/lib/x86_64-linux-gnu:/usr/lib/jni:/lib:/usr/lib"/>
    <property name="java.vm.info" value="mixed mode, sharing"/>
    <property name="java.vendor" value="Ubuntu"/>
    <property name="java.vm.version" value="17.0.14+7-Ubuntu-124.04"/>
    <property name="java.specification.maintenance.version" value="1"/>
    <property name="sun.io.unicode.encoding" value="UnicodeLittle"/>
    <property name="java.class.version" value="61.0"/>
    <property name="LOGGED_APPLICATION_NAME" value="[saidikaV3] "/>
  </properties>
  <testcase name="contextLoads" classname="com.shaul.saidikaV3.SaidikaV3ApplicationTests" time="0.606">
    <system-out><![CDATA[Standard Commons Logging discovery in action with spring-jcl: please remove commons-logging.jar from classpath in order to avoid potential conflicts
22:55:55.919 [main] INFO org.springframework.test.context.support.AnnotationConfigContextLoaderUtils -- Could not detect default configuration classes for test class [com.shaul.saidikaV3.SaidikaV3ApplicationTests]: SaidikaV3ApplicationTests does not declare any static, non-private, non-final, nested classes annotated with @Configuration.
22:55:56.110 [main] INFO org.springframework.boot.test.context.SpringBootTestContextBootstrapper -- Found @SpringBootConfiguration com.shaul.saidikaV3.SaidikaV3Application for test class com.shaul.saidikaV3.SaidikaV3ApplicationTests

  .   ____          _            __ _ _
 /\\ / ___'_ __ _ _(_)_ __  __ _ \ \ \ \
( ( )\___ | '_ | '_| | '_ \/ _` | \ \ \ \
 \\/  ___)| |_)| | | | | || (_| |  ) ) ) )
  '  |____| .__|_| |_|_| |_\__, | / / / /
 =========|_|==============|___/=/_/_/_/

 :: Spring Boot ::                (v3.3.7)

2025-03-31T22:55:56.765+03:00  INFO 44427 --- [saidikaV3] [           main] c.s.saidikaV3.SaidikaV3ApplicationTests  : Starting SaidikaV3ApplicationTests using Java 17.0.14 with PID 44427 (started by akello in /home/akello/IdeaProjects/saidika_backend)
2025-03-31T22:55:56.767+03:00  INFO 44427 --- [saidikaV3] [           main] c.s.saidikaV3.SaidikaV3ApplicationTests  : No active profile set, falling back to 1 default profile: "default"
2025-03-31T22:55:58.250+03:00  INFO 44427 --- [saidikaV3] [           main] .s.d.r.c.RepositoryConfigurationDelegate : Bootstrapping Spring Data JPA repositories in DEFAULT mode.
2025-03-31T22:55:58.374+03:00  INFO 44427 --- [saidikaV3] [           main] .s.d.r.c.RepositoryConfigurationDelegate : Finished Spring Data repository scanning in 111 ms. Found 8 JPA repository interfaces.
2025-03-31T22:55:59.229+03:00  INFO 44427 --- [saidikaV3] [           main] o.hibernate.jpa.internal.util.LogHelper  : HHH000204: Processing PersistenceUnitInfo [name: default]
2025-03-31T22:55:59.369+03:00  INFO 44427 --- [saidikaV3] [           main] org.hibernate.Version                    : HHH000412: Hibernate ORM core version 6.5.3.Final
2025-03-31T22:55:59.443+03:00  INFO 44427 --- [saidikaV3] [           main] o.h.c.internal.RegionFactoryInitiator    : HHH000026: Second-level cache disabled
2025-03-31T22:55:59.981+03:00  INFO 44427 --- [saidikaV3] [           main] o.s.o.j.p.SpringPersistenceUnitInfo      : No LoadTimeWeaver setup: ignoring JPA class transformer
2025-03-31T22:56:00.032+03:00  INFO 44427 --- [saidikaV3] [           main] com.zaxxer.hikari.HikariDataSource       : HikariPool-1 - Starting...
2025-03-31T22:56:05.802+03:00  INFO 44427 --- [saidikaV3] [           main] com.zaxxer.hikari.pool.HikariPool        : HikariPool-1 - Added connection com.mysql.cj.jdbc.ConnectionImpl@32d22650
2025-03-31T22:56:05.808+03:00  INFO 44427 --- [saidikaV3] [           main] com.zaxxer.hikari.HikariDataSource       : HikariPool-1 - Start completed.
2025-03-31T22:56:06.668+03:00  WARN 44427 --- [saidikaV3] [           main] org.hibernate.orm.deprecation            : HHH90000025: MySQLDialect does not need to be specified explicitly using 'hibernate.dialect' (remove the property setting and it will be selected by default)
2025-03-31T22:56:08.399+03:00  INFO 44427 --- [saidikaV3] [           main] o.h.e.t.j.p.i.JtaPlatformInitiator       : HHH000489: No JTA platform available (set 'hibernate.transaction.jta.platform' to enable JTA platform integration)
2025-03-31T22:56:14.402+03:00  INFO 44427 --- [saidikaV3] [           main] j.LocalContainerEntityManagerFactoryBean : Initialized JPA EntityManagerFactory for persistence unit 'default'
2025-03-31T22:56:14.865+03:00  INFO 44427 --- [saidikaV3] [           main] o.s.d.j.r.query.QueryEnhancerFactory     : Hibernate is in classpath; If applicable, HQL parser will be used.
2025-03-31T22:56:15.952+03:00  INFO 44427 --- [saidikaV3] [           main] c.s.saidikaV3.services.FCMInitializer    : Firebase application initialized
2025-03-31T22:56:16.010+03:00  WARN 44427 --- [saidikaV3] [           main] JpaBaseConfiguration$JpaWebConfiguration : spring.jpa.open-in-view is enabled by default. Therefore, database queries may be performed during view rendering. Explicitly configure spring.jpa.open-in-view to disable this warning
2025-03-31T22:56:16.049+03:00  INFO 44427 --- [saidikaV3] [           main] eAuthenticationProviderManagerConfigurer : Found 2 AuthenticationProvider beans, with names [finderAuthenticationProvider, providerAuthenticationProvider]. Global Authentication Manager will not be configured with AuthenticationProviders. Consider publishing a single AuthenticationProvider bean, or wiring your Providers directly using the DSL.
2025-03-31T22:56:16.050+03:00  WARN 44427 --- [saidikaV3] [           main] r$InitializeUserDetailsManagerConfigurer : Found 2 UserDetailsService beans, with names [finder_DetailsService, provider_DetailsService]. Global Authentication Manager will not use a UserDetailsService for username/password login. Consider publishing a single UserDetailsService bean.
2025-03-31T22:56:17.169+03:00  INFO 44427 --- [saidikaV3] [           main] c.s.saidikaV3.SaidikaV3ApplicationTests  : Started SaidikaV3ApplicationTests in 20.788 seconds (process running for 22.46)
]]></system-out>
  </testcase>
</testsuite>